<?xml version="1.0" encoding="UTF-8"?>
<!-- Generated by org.testng.reporters.JUnitReportReporter -->
<testsuite hostname="LMTN202461" name="com.maax.businessmanager.common.sampleTest" tests="2" failures="0" timestamp="23 Dec 2014 20:14:53 GMT" time="139.894" errors="0">
  <testcase name="basicnavigation" time="72.464" classname="com.maax.businessmanager.common.sampleTest"/>
  <testcase name="basicnavigation" time="67.430" classname="com.maax.businessmanager.common.sampleTest"/>
</testsuite> <!-- com.maax.businessmanager.common.sampleTest -->
