<?xml version="1.0" encoding="UTF-8"?>
<!-- Generated by org.testng.reporters.JUnitReportReporter -->
<testsuite hostname="LMTN202461" name="com.maax.businessmanager.common.sampleTest" tests="2" failures="0" timestamp="23 Dec 2014 20:01:56 GMT" time="166.753" errors="0">
  <testcase name="basicnavigation" time="82.341" classname="com.maax.businessmanager.common.sampleTest"/>
  <testcase name="basicnavigation" time="84.412" classname="com.maax.businessmanager.common.sampleTest"/>
</testsuite>
